0 info it worked if it ends with ok
1 verbose cli [ '/usr/bin/nodejs',
1 verbose cli   '/usr/bin/npm',
1 verbose cli   'install',
1 verbose cli   '--save',
1 verbose cli   'PolymerElements/paper-item' ]
2 info using npm@3.10.10
3 info using node@v6.11.2
4 silly loadCurrentTree Starting
5 silly install loadCurrentTree
6 silly install readLocalPackageData
7 silly fetchPackageMetaData PolymerElements/paper-item
8 silly fetchOtherPackageData PolymerElements/paper-item
9 silly cache add args [ 'PolymerElements/paper-item', null ]
10 verbose cache add spec PolymerElements/paper-item
11 silly cache add parsed spec Result {
11 silly cache add   raw: 'PolymerElements/paper-item',
11 silly cache add   scope: null,
11 silly cache add   escapedName: null,
11 silly cache add   name: null,
11 silly cache add   rawSpec: 'PolymerElements/paper-item',
11 silly cache add   spec: 'github:polymerelements/paper-item',
11 silly cache add   type: 'hosted',
11 silly cache add   hosted:
11 silly cache add    { type: 'github',
11 silly cache add      ssh: 'git@github.com:polymerelements/paper-item.git',
11 silly cache add      sshUrl: 'git+ssh://git@github.com/polymerelements/paper-item.git',
11 silly cache add      httpsUrl: 'git+https://github.com/polymerelements/paper-item.git',
11 silly cache add      gitUrl: 'git://github.com/polymerelements/paper-item.git',
11 silly cache add      shortcut: 'github:polymerelements/paper-item',
11 silly cache add      directUrl: 'https://raw.githubusercontent.com/polymerelements/paper-item/master/package.json' } }
12 verbose addRemoteGit caching PolymerElements/paper-item
13 verbose addRemoteGit polymerelements/paper-item is a repository hosted by github
14 silly tryGitProto attempting to clone git://github.com/polymerelements/paper-item.git
15 silly tryClone cloning polymerelements/paper-item via git://github.com/polymerelements/paper-item.git
16 verbose tryClone git-github-com-polymerelements-paper-item-git-85a1d1d7 not in flight; caching
17 verbose correctMkdir /home/vagrant/.npm/_git-remotes correctMkdir not in flight; initializing
18 info git [ 'config', '--get', 'remote.origin.url' ]
19 silly validateExistingRemote polymerelements/paper-item remote.origin.url: git://github.com/polymerelements/paper-item.git
20 verbose validateExistingRemote polymerelements/paper-item is updating existing cached remote /home/vagrant/.npm/_git-remotes/git-github-com-polymerelements-paper-item-git-85a1d1d7
21 info git [ 'fetch', '-a', 'origin' ]
22 verbose updateRemote git fetch -a origin (git://github.com/polymerelements/paper-item.git)
23 verbose correctMkdir /home/vagrant/.npm/_git-remotes correctMkdir not in flight; initializing
24 verbose setPermissions polymerelements/paper-item set permissions on /home/vagrant/.npm/_git-remotes/git-github-com-polymerelements-paper-item-git-85a1d1d7
25 verbose resolveHead polymerelements/paper-item original treeish: master
26 info git [ 'rev-list', '-n1', 'master' ]
27 silly resolveHead polymerelements/paper-item resolved treeish: da476fc22753877365682d4fd8ac8216086c5384
28 verbose resolveHead polymerelements/paper-item resolved Git URL: git://github.com/polymerelements/paper-item.git#da476fc22753877365682d4fd8ac8216086c5384
29 silly resolveHead Git working directory: /tmp/npm-1852-252ab4e8/git-cache-1302e8ef/da476fc22753877365682d4fd8ac8216086c5384
30 info git [ 'clone',
30 info git   '/home/vagrant/.npm/_git-remotes/git-github-com-polymerelements-paper-item-git-85a1d1d7',
30 info git   '/tmp/npm-1852-252ab4e8/git-cache-1302e8ef/da476fc22753877365682d4fd8ac8216086c5384' ]
31 verbose cloneResolved polymerelements/paper-item clone Cloning into '/tmp/npm-1852-252ab4e8/git-cache-1302e8ef/da476fc22753877365682d4fd8ac8216086c5384'...
31 verbose cloneResolved done.
32 info git [ 'checkout', 'da476fc22753877365682d4fd8ac8216086c5384' ]
33 verbose checkoutTreeish polymerelements/paper-item checkout Note: checking out 'da476fc22753877365682d4fd8ac8216086c5384'.
33 verbose checkoutTreeish
33 verbose checkoutTreeish You are in 'detached HEAD' state. You can look around, make experimental
33 verbose checkoutTreeish changes and commit them, and you can discard any commits you make in this
33 verbose checkoutTreeish state without impacting any branches by performing another checkout.
33 verbose checkoutTreeish
33 verbose checkoutTreeish If you want to create a new branch to retain commits you create, you may
33 verbose checkoutTreeish do so (now or later) by using -b with the checkout command again. Example:
33 verbose checkoutTreeish
33 verbose checkoutTreeish   git checkout -b new_branch_name
33 verbose checkoutTreeish
33 verbose checkoutTreeish HEAD is now at da476fc... Merge pull request #114 from PolymerElements/2.0-readme
34 info git [ 'submodule', '-q', 'update', '--init', '--recursive' ]
35 verbose updateSubmodules polymerelements/paper-item submodule update
36 error addLocal Could not install /tmp/npm-1852-252ab4e8/git-cache-1302e8ef/da476fc22753877365682d4fd8ac8216086c5384
37 silly tryHTTPS attempting to clone git+https://github.com/polymerelements/paper-item.git
38 silly tryClone cloning polymerelements/paper-item via git+https://github.com/polymerelements/paper-item.git
39 verbose tryClone git-https-github-com-polymerelements-paper-item-git-cf554d6e not in flight; caching
40 verbose correctMkdir /home/vagrant/.npm/_git-remotes correctMkdir not in flight; initializing
41 info git [ 'config', '--get', 'remote.origin.url' ]
42 silly validateExistingRemote polymerelements/paper-item remote.origin.url: https://github.com/polymerelements/paper-item.git
43 verbose validateExistingRemote polymerelements/paper-item is updating existing cached remote /home/vagrant/.npm/_git-remotes/git-https-github-com-polymerelements-paper-item-git-cf554d6e
44 info git [ 'fetch', '-a', 'origin' ]
45 verbose updateRemote git fetch -a origin (https://github.com/polymerelements/paper-item.git)
46 verbose correctMkdir /home/vagrant/.npm/_git-remotes correctMkdir not in flight; initializing
47 verbose setPermissions polymerelements/paper-item set permissions on /home/vagrant/.npm/_git-remotes/git-https-github-com-polymerelements-paper-item-git-cf554d6e
48 verbose resolveHead polymerelements/paper-item original treeish: master
49 info git [ 'rev-list', '-n1', 'master' ]
50 silly resolveHead polymerelements/paper-item resolved treeish: da476fc22753877365682d4fd8ac8216086c5384
51 verbose resolveHead polymerelements/paper-item resolved Git URL: git+https://github.com/polymerelements/paper-item.git#da476fc22753877365682d4fd8ac8216086c5384
52 silly resolveHead Git working directory: /tmp/npm-1852-252ab4e8/git-cache-c5583356/da476fc22753877365682d4fd8ac8216086c5384
53 info git [ 'clone',
53 info git   '/home/vagrant/.npm/_git-remotes/git-https-github-com-polymerelements-paper-item-git-cf554d6e',
53 info git   '/tmp/npm-1852-252ab4e8/git-cache-c5583356/da476fc22753877365682d4fd8ac8216086c5384' ]
54 verbose cloneResolved polymerelements/paper-item clone Cloning into '/tmp/npm-1852-252ab4e8/git-cache-c5583356/da476fc22753877365682d4fd8ac8216086c5384'...
54 verbose cloneResolved done.
55 info git [ 'checkout', 'da476fc22753877365682d4fd8ac8216086c5384' ]
56 verbose checkoutTreeish polymerelements/paper-item checkout Note: checking out 'da476fc22753877365682d4fd8ac8216086c5384'.
56 verbose checkoutTreeish
56 verbose checkoutTreeish You are in 'detached HEAD' state. You can look around, make experimental
56 verbose checkoutTreeish changes and commit them, and you can discard any commits you make in this
56 verbose checkoutTreeish state without impacting any branches by performing another checkout.
56 verbose checkoutTreeish
56 verbose checkoutTreeish If you want to create a new branch to retain commits you create, you may
56 verbose checkoutTreeish do so (now or later) by using -b with the checkout command again. Example:
56 verbose checkoutTreeish
56 verbose checkoutTreeish   git checkout -b new_branch_name
56 verbose checkoutTreeish
56 verbose checkoutTreeish HEAD is now at da476fc... Merge pull request #114 from PolymerElements/2.0-readme
57 info git [ 'submodule', '-q', 'update', '--init', '--recursive' ]
58 verbose updateSubmodules polymerelements/paper-item submodule update
59 error addLocal Could not install /tmp/npm-1852-252ab4e8/git-cache-c5583356/da476fc22753877365682d4fd8ac8216086c5384
60 silly trySSH attempting to clone git@github.com:polymerelements/paper-item.git
61 silly tryClone cloning polymerelements/paper-item via git@github.com:polymerelements/paper-item.git
62 verbose tryClone git-github-com-polymerelements-paper-item-git-1d5d1a26 not in flight; caching
63 verbose correctMkdir /home/vagrant/.npm/_git-remotes correctMkdir not in flight; initializing
64 info git [ 'clone',
64 info git   '--template=/home/vagrant/.npm/_git-remotes/_templates',
64 info git   '--mirror',
64 info git   'git@github.com:polymerelements/paper-item.git',
64 info git   '/home/vagrant/.npm/_git-remotes/git-github-com-polymerelements-paper-item-git-1d5d1a26' ]
65 error git clone --template=/home/vagrant/.npm/_git-remotes/_templates --mirror git@github.com:polymerelements/paper-item.git /home/vagrant/.npm/_git-remotes/git-github-com-polymerelements-paper-item-git-1d5d1a26: Cloning into bare repository '/home/vagrant/.npm/_git-remotes/git-github-com-polymerelements-paper-item-git-1d5d1a26'...
65 error git clone --template=/home/vagrant/.npm/_git-remotes/_templates --mirror git@github.com:polymerelements/paper-item.git /home/vagrant/.npm/_git-remotes/git-github-com-polymerelements-paper-item-git-1d5d1a26: Warning: Permanently added 'github.com,192.30.253.112' (RSA) to the list of known hosts.
65 error git clone --template=/home/vagrant/.npm/_git-remotes/_templates --mirror git@github.com:polymerelements/paper-item.git /home/vagrant/.npm/_git-remotes/git-github-com-polymerelements-paper-item-git-1d5d1a26: Permission denied (publickey).
65 error git clone --template=/home/vagrant/.npm/_git-remotes/_templates --mirror git@github.com:polymerelements/paper-item.git /home/vagrant/.npm/_git-remotes/git-github-com-polymerelements-paper-item-git-1d5d1a26: fatal: Could not read from remote repository.
65 error git clone --template=/home/vagrant/.npm/_git-remotes/_templates --mirror git@github.com:polymerelements/paper-item.git /home/vagrant/.npm/_git-remotes/git-github-com-polymerelements-paper-item-git-1d5d1a26:
65 error git clone --template=/home/vagrant/.npm/_git-remotes/_templates --mirror git@github.com:polymerelements/paper-item.git /home/vagrant/.npm/_git-remotes/git-github-com-polymerelements-paper-item-git-1d5d1a26: Please make sure you have the correct access rights
65 error git clone --template=/home/vagrant/.npm/_git-remotes/_templates --mirror git@github.com:polymerelements/paper-item.git /home/vagrant/.npm/_git-remotes/git-github-com-polymerelements-paper-item-git-1d5d1a26: and the repository exists.
66 silly fetchPackageMetaData Error: Command failed: git clone --template=/home/vagrant/.npm/_git-remotes/_templates --mirror git@github.com:polymerelements/paper-item.git /home/vagrant/.npm/_git-remotes/git-github-com-polymerelements-paper-item-git-1d5d1a26
66 silly fetchPackageMetaData Cloning into bare repository '/home/vagrant/.npm/_git-remotes/git-github-com-polymerelements-paper-item-git-1d5d1a26'...
66 silly fetchPackageMetaData Warning: Permanently added 'github.com,192.30.253.112' (RSA) to the list of known hosts.
66 silly fetchPackageMetaData Permission denied (publickey).
66 silly fetchPackageMetaData fatal: Could not read from remote repository.
66 silly fetchPackageMetaData
66 silly fetchPackageMetaData Please make sure you have the correct access rights
66 silly fetchPackageMetaData and the repository exists.
66 silly fetchPackageMetaData
66 silly fetchPackageMetaData     at ChildProcess.exithandler (child_process.js:198:12)
66 silly fetchPackageMetaData     at emitTwo (events.js:106:13)
66 silly fetchPackageMetaData     at ChildProcess.emit (events.js:191:7)
66 silly fetchPackageMetaData     at maybeClose (internal/child_process.js:891:16)
66 silly fetchPackageMetaData     at Process.ChildProcess._handle.onexit (internal/child_process.js:226:5)
66 silly fetchPackageMetaData  error for PolymerElements/paper-item { Error: Command failed: git clone --template=/home/vagrant/.npm/_git-remotes/_templates --mirror git@github.com:polymerelements/paper-item.git /home/vagrant/.npm/_git-remotes/git-github-com-polymerelements-paper-item-git-1d5d1a26
66 silly fetchPackageMetaData Cloning into bare repository '/home/vagrant/.npm/_git-remotes/git-github-com-polymerelements-paper-item-git-1d5d1a26'...
66 silly fetchPackageMetaData Warning: Permanently added 'github.com,192.30.253.112' (RSA) to the list of known hosts.
66 silly fetchPackageMetaData Permission denied (publickey).
66 silly fetchPackageMetaData fatal: Could not read from remote repository.
66 silly fetchPackageMetaData
66 silly fetchPackageMetaData Please make sure you have the correct access rights
66 silly fetchPackageMetaData and the repository exists.
66 silly fetchPackageMetaData
66 silly fetchPackageMetaData     at ChildProcess.exithandler (child_process.js:198:12)
66 silly fetchPackageMetaData     at emitTwo (events.js:106:13)
66 silly fetchPackageMetaData     at ChildProcess.emit (events.js:191:7)
66 silly fetchPackageMetaData     at maybeClose (internal/child_process.js:891:16)
66 silly fetchPackageMetaData     at Process.ChildProcess._handle.onexit (internal/child_process.js:226:5)
66 silly fetchPackageMetaData   killed: false,
66 silly fetchPackageMetaData   code: 128,
66 silly fetchPackageMetaData   signal: null,
66 silly fetchPackageMetaData   cmd: 'git clone --template=/home/vagrant/.npm/_git-remotes/_templates --mirror git@github.com:polymerelements/paper-item.git /home/vagrant/.npm/_git-remotes/git-github-com-polymerelements-paper-item-git-1d5d1a26' }
67 silly rollbackFailedOptional Starting
68 silly rollbackFailedOptional Finishing
69 silly runTopLevelLifecycles Finishing
70 silly install printInstalled
71 verbose stack Error: Command failed: git clone --template=/home/vagrant/.npm/_git-remotes/_templates --mirror git@github.com:polymerelements/paper-item.git /home/vagrant/.npm/_git-remotes/git-github-com-polymerelements-paper-item-git-1d5d1a26
71 verbose stack Cloning into bare repository '/home/vagrant/.npm/_git-remotes/git-github-com-polymerelements-paper-item-git-1d5d1a26'...
71 verbose stack Warning: Permanently added 'github.com,192.30.253.112' (RSA) to the list of known hosts.
71 verbose stack Permission denied (publickey).
71 verbose stack fatal: Could not read from remote repository.
71 verbose stack
71 verbose stack Please make sure you have the correct access rights
71 verbose stack and the repository exists.
71 verbose stack
71 verbose stack     at ChildProcess.exithandler (child_process.js:198:12)
71 verbose stack     at emitTwo (events.js:106:13)
71 verbose stack     at ChildProcess.emit (events.js:191:7)
71 verbose stack     at maybeClose (internal/child_process.js:891:16)
71 verbose stack     at Process.ChildProcess._handle.onexit (internal/child_process.js:226:5)
72 verbose cwd /var/www/polymer
73 error Linux 4.4.0-92-generic
74 error argv "/usr/bin/nodejs" "/usr/bin/npm" "install" "--save" "PolymerElements/paper-item"
75 error node v6.11.2
76 error npm  v3.10.10
77 error code 128
78 error Command failed: git clone --template=/home/vagrant/.npm/_git-remotes/_templates --mirror git@github.com:polymerelements/paper-item.git /home/vagrant/.npm/_git-remotes/git-github-com-polymerelements-paper-item-git-1d5d1a26
78 error Cloning into bare repository '/home/vagrant/.npm/_git-remotes/git-github-com-polymerelements-paper-item-git-1d5d1a26'...
78 error Warning: Permanently added 'github.com,192.30.253.112' (RSA) to the list of known hosts.
78 error Permission denied (publickey).
78 error fatal: Could not read from remote repository.
78 error
78 error Please make sure you have the correct access rights
78 error and the repository exists.
79 error If you need help, you may report this error at:
79 error     <https://github.com/npm/npm/issues>
80 verbose exit [ 1, true ]
